-encoding
UTF-8
-outxml
-source
1.6
-target
1.6
-classpath
C:\Documents and Settings\Ne\.m2\repository\antlr\antlr\2.7.6\antlr-2.7.6.jar;C:\Documents and Settings\Ne\.m2\repository\aopalliance\aopalliance\1.0\aopalliance-1.0.jar;C:\Documents and Settings\Ne\.m2\repository\cglib\cglib-nodep\2.2.2\cglib-nodep-2.2.2.jar;C:\Documents and Settings\Ne\.m2\repository\commons-beanutils\commons-beanutils\1.8.3\commons-beanutils-1.8.3.jar;C:\Documents and Settings\Ne\.m2\repository\commons-codec\commons-codec\1.5\commons-codec-1.5.jar;C:\Documents and Settings\Ne\.m2\repository\commons-collections\commons-collections\3.1\commons-collections-3.1.jar;C:\Documents and Settings\Ne\.m2\repository\commons-dbcp\commons-dbcp\1.3\commons-dbcp-1.3.jar;C:\Documents and Settings\Ne\.m2\repository\commons-digester\commons-digester\2.1\commons-digester-2.1.jar;C:\Documents and Settings\Ne\.m2\repository\commons-fileupload\commons-fileupload\1.2.2\commons-fileupload-1.2.2.jar;C:\Documents and Settings\Ne\.m2\repository\commons-pool\commons-pool\1.5.6\commons-pool-1.5.6.jar;C:\Documents and Settings\Ne\.m2\repository\dom4j\dom4j\1.6.1\dom4j-1.6.1.jar;C:\Documents and Settings\Ne\.m2\repository\javassist\javassist\3.12.0.GA\javassist-3.12.0.GA.jar;C:\Documents and Settings\Ne\.m2\repository\javax\el\el-api\1.0\el-api-1.0.jar;C:\Documents and Settings\Ne\.m2\repository\javax\servlet\servlet-api\2.5\servlet-api-2.5.jar;C:\Documents and Settings\Ne\.m2\repository\javax\servlet\jsp\jsp-api\2.1\jsp-api-2.1.jar;C:\Documents and Settings\Ne\.m2\repository\javax\servlet\jsp\jstl\jstl-api\1.2\jstl-api-1.2.jar;C:\Documents and Settings\Ne\.m2\repository\javax\transaction\jta\1.1\jta-1.1.jar;C:\Documents and Settings\Ne\.m2\repository\javax\validation\validation-api\1.0.0.GA\validation-api-1.0.0.GA.jar;C:\Documents and Settings\Ne\.m2\repository\joda-time\joda-time\1.6\joda-time-1.6.jar;C:\Documents and Settings\Ne\.m2\repository\log4j\log4j\1.2.16\log4j-1.2.16.jar;C:\Documents and Settings\Ne\.m2\repository\net\sf\flexjson\flexjson\2.1\flexjson-2.1.jar;C:\Documents and Settings\Ne\.m2\repository\org\apache\commons\commons-lang3\3.0.1\commons-lang3-3.0.1.jar;C:\Documents and Settings\Ne\.m2\repository\org\apache\tiles\tiles-api\2.2.2\tiles-api-2.2.2.jar;C:\Documents and Settings\Ne\.m2\repository\org\apache\tiles\tiles-core\2.2.2\tiles-core-2.2.2.jar;C:\Documents and Settings\Ne\.m2\repository\org\apache\tiles\tiles-jsp\2.2.2\tiles-jsp-2.2.2.jar;C:\Documents and Settings\Ne\.m2\repository\org\apache\tiles\tiles-servlet\2.2.2\tiles-servlet-2.2.2.jar;C:\Documents and Settings\Ne\.m2\repository\org\apache\tiles\tiles-template\2.2.2\tiles-template-2.2.2.jar;C:\Documents and Settings\Ne\.m2\repository\org\aspectj\aspectjrt\1.6.12.M2\aspectjrt-1.6.12.M2.jar;C:\Documents and Settings\Ne\.m2\repository\org\aspectj\aspectjweaver\1.6.12.M2\aspectjweaver-1.6.12.M2.jar;C:\Documents and Settings\Ne\.m2\repository\org\glassfish\web\jstl-impl\1.2\jstl-impl-1.2.jar;C:\Documents and Settings\Ne\.m2\repository\org\hibernate\hibernate-commons-annotations\3.2.0.Final\hibernate-commons-annotations-3.2.0.Final.jar;C:\Documents and Settings\Ne\.m2\repository\org\hibernate\hibernate-core\3.6.8.Final\hibernate-core-3.6.8.Final.jar;C:\Documents and Settings\Ne\.m2\repository\org\hibernate\hibernate-entitymanager\3.6.8.Final\hibernate-entitymanager-3.6.8.Final.jar;C:\Documents and Settings\Ne\.m2\repository\org\hibernate\hibernate-validator\4.2.0.Final\hibernate-validator-4.2.0.Final.jar;C:\Documents and Settings\Ne\.m2\repository\org\hibernate\javax\persistence\hibernate-jpa-2.0-api\1.0.1.Final\hibernate-jpa-2.0-api-1.0.1.Final.jar;C:\Documents and Settings\Ne\.m2\repository\org\hsqldb\hsqldb\1.8.0.10\hsqldb-1.8.0.10.jar;C:\Documents and Settings\Ne\.m2\repository\org\slf4j\jcl-over-slf4j\1.6.2\jcl-over-slf4j-1.6.2.jar;C:\Documents and Settings\Ne\.m2\repository\org\slf4j\slf4j-api\1.6.2\slf4j-api-1.6.2.jar;C:\Documents and Settings\Ne\.m2\repository\org\slf4j\slf4j-log4j12\1.6.2\slf4j-log4j12-1.6.2.jar;C:\Documents and Settings\Ne\.m2\repository\org\springframework\spring-aop\3.1.0.RELEASE\spring-aop-3.1.0.RELEASE.jar;C:\Documents and Settings\Ne\.m2\repository\org\springframework\spring-asm\3.1.0.RELEASE\spring-asm-3.1.0.RELEASE.jar;C:\Documents and Settings\Ne\.m2\repository\org\springframework\spring-aspects\3.1.0.RELEASE\spring-aspects-3.1.0.RELEASE.jar;C:\Documents and Settings\Ne\.m2\repository\org\springframework\spring-beans\3.1.0.RELEASE\spring-beans-3.1.0.RELEASE.jar;C:\Documents and Settings\Ne\.m2\repository\org\springframework\spring-context\3.1.0.RELEASE\spring-context-3.1.0.RELEASE.jar;C:\Documents and Settings\Ne\.m2\repository\org\springframework\spring-context-support\3.1.0.RELEASE\spring-context-support-3.1.0.RELEASE.jar;C:\Documents and Settings\Ne\.m2\repository\org\springframework\spring-core\3.1.0.RELEASE\spring-core-3.1.0.RELEASE.jar;C:\Documents and Settings\Ne\.m2\repository\org\springframework\spring-expression\3.1.0.RELEASE\spring-expression-3.1.0.RELEASE.jar;C:\Documents and Settings\Ne\.m2\repository\org\springframework\spring-jdbc\3.1.0.RELEASE\spring-jdbc-3.1.0.RELEASE.jar;C:\Documents and Settings\Ne\.m2\repository\org\springframework\spring-orm\3.1.0.RELEASE\spring-orm-3.1.0.RELEASE.jar;C:\Documents and Settings\Ne\.m2\repository\org\springframework\spring-tx\3.1.0.RELEASE\spring-tx-3.1.0.RELEASE.jar;C:\Documents and Settings\Ne\.m2\repository\org\springframework\spring-web\3.1.0.RELEASE\spring-web-3.1.0.RELEASE.jar;C:\Documents and Settings\Ne\.m2\repository\org\springframework\spring-webmvc\3.1.0.RELEASE\spring-webmvc-3.1.0.RELEASE.jar;C:\Documents and Settings\Ne\.m2\repository\org\springframework\roo\org.springframework.roo.annotations\1.2.0.RELEASE\org.springframework.roo.annotations-1.2.0.RELEASE.jar;C:\Documents and Settings\Ne\.m2\repository\org\springframework\webflow\spring-js-resources\2.2.1.RELEASE\spring-js-resources-2.2.1.RELEASE.jar;C:\cygwin\home\Ne\duckcomen\1\bui\target\classes
-aspectpath
C:\Documents and Settings\Ne\.m2\repository\org\springframework\spring-aspects\3.1.0.RELEASE\spring-aspects-3.1.0.RELEASE.jar
-d
C:\cygwin\home\Ne\duckcomen\1\bui\target\classes
C:\cygwin\home\Ne\duckcomen\1\bui\src\main\java\com\test\entity\LeaveE_Roo_ToString.aj
C:\cygwin\home\Ne\duckcomen\1\bui\src\main\java\com\test\web\LeaveEController_Roo_Controller.aj
C:\cygwin\home\Ne\duckcomen\1\bui\src\main\java\com\test\entity\LeaveE_Roo_Configurable.aj
C:\cygwin\home\Ne\duckcomen\1\bui\src\main\java\com\test\entity\LeaveE_Roo_Jpa_ActiveRecord.aj
C:\cygwin\home\Ne\duckcomen\1\bui\src\main\java\com\test\entity\LeaveE_Roo_JavaBean.aj
C:\cygwin\home\Ne\duckcomen\1\bui\src\main\java\com\test\web\LeaveEController.java
C:\cygwin\home\Ne\duckcomen\1\bui\src\main\java\com\test\entity\LeaveE_Roo_Jpa_Entity.aj
C:\cygwin\home\Ne\duckcomen\1\bui\src\main\java\com\test\web\ApplicationConversionServiceFactoryBean.java
C:\cygwin\home\Ne\duckcomen\1\bui\src\main\java\com\test\entity\LeaveE_Roo_Finder.aj
C:\cygwin\home\Ne\duckcomen\1\bui\src\main\java\com\test\entity\LeaveE.java
C:\cygwin\home\Ne\duckcomen\1\bui\src\main\java\com\test\web\ApplicationConversionServiceFactoryBean_Roo_ConversionService.aj
